May 01, 2020 12:24:12 AM com.genuitec.pulse.client.deliverypackage.runtime.internal.Activator initializeLoggers
INFO: Package starting up at Fri May 01 00:24:12 MSK 2020
May 01, 2020 12:24:12 AM org.glassfish.grizzly.nio.NIOTransport start
INFO: Adjusting kernel thread pool to max size 5 to handle configured number of SelectorRunners
May 01, 2020 12:24:13 AM org.glassfish.grizzly.http.server.NetworkListener start
INFO: Started listener bound to [127.0.0.1:37797]
May 01, 2020 12:24:13 AM org.glassfish.grizzly.http.server.HttpServer start
INFO: [HttpServer] Started.
May 01, 2020 12:24:13 AM org.glassfish.tyrus.server.Server start
INFO: WebSocket Registered apps: URLs all start with ws://127.0.0.1:37797
May 01, 2020 12:24:13 AM org.glassfish.tyrus.server.Server start
INFO: WebSocket server started.
May 01, 2020 12:24:13 AM com.genuitec.pulse.client.deliverypackage.runtime.UpdatesService checkForWorkspaceUpdates
INFO: Latest version of package has already been enabled in the workspace; check finished in 17ms
May 01, 2020 12:27:15 AM com.genuitec.pulse.client.deliverypackage.runtime.UpdatesService checkForUpdates
INFO: Latest version of package is installed; update check finished in 1115ms
May 01, 2020 12:27:24 AM org.glassfish.grizzly.http.server.NetworkListener shutdownNow
INFO: Stopped listener bound to [127.0.0.1:37797]
May 01, 2020 12:27:24 AM org.glassfish.tyrus.server.Server stop
INFO: Websocket Server stopped.
