[2020-05-01 00:29:21.683] [exthost] [info] extension host started
[2020-05-01 00:29:21.991] [exthost] [info] extension host started
[2020-05-01 00:29:22.100] [exthost] [info] ExtensionService#_doActivateExtension HookyQR.beautify {"startup":true,"extensionId":{"value":"HookyQR.beautify","_lower":"hookyqr.beautify"},"activationEvent":"*"}
[2020-05-01 00:29:22.108] [exthost] [info] ExtensionService#loadCommonJSModule file:///home/vic/Angular IDE/plugins/pack.core.linux_3.6.0.202001241725/HookyQR.beautify-1.4.11/extension
[2020-05-01 00:29:22.213] [exthost] [info] ExtensionService#_doActivateExtension christian-kohler.path-intellisense {"startup":true,"extensionId":{"value":"christian-kohler.path-intellisense","_lower":"christian-kohler.path-intellisense"},"activationEvent":"*"}
[2020-05-01 00:29:22.214] [exthost] [info] ExtensionService#loadCommonJSModule file:///home/vic/Angular IDE/plugins/pack.core.linux_3.6.0.202001241725/christian-kohler.path-intellisense-1.4.2/out/src/extension
[2020-05-01 00:29:22.236] [exthost] [info] ExtensionService#_doActivateExtension dbaeumer.vscode-eslint {"startup":true,"extensionId":{"value":"dbaeumer.vscode-eslint","_lower":"dbaeumer.vscode-eslint"},"activationEvent":"*"}
[2020-05-01 00:29:22.236] [exthost] [info] ExtensionService#loadCommonJSModule file:///home/vic/Angular IDE/plugins/pack.core.linux_3.6.0.202001241725/dbaeumer.vscode-eslint-1.9.0/client/out/extension
[2020-05-01 00:29:22.265] [exthost] [info] ExtensionService#_doActivateExtension vscode.debug-auto-launch {"startup":true,"extensionId":{"value":"vscode.debug-auto-launch","_lower":"vscode.debug-auto-launch"},"activationEvent":"*"}
[2020-05-01 00:29:22.270] [exthost] [info] ExtensionService#loadCommonJSModule file:///home/vic/Angular IDE/plugins/com.genuitec.eclipse.code.engine.app.linux.x86_64_3.6.0.202002212104/engine/resources/app/extensions/debug-auto-launch/dist/extension
[2020-05-01 00:29:22.273] [exthost] [info] ExtensionService#_doActivateExtension vscode.emmet {"startup":true,"extensionId":{"value":"vscode.emmet","_lower":"vscode.emmet"},"activationEvent":"*"}
[2020-05-01 00:29:22.274] [exthost] [info] ExtensionService#loadCommonJSModule file:///home/vic/Angular IDE/plugins/com.genuitec.eclipse.code.engine.app.linux.x86_64_3.6.0.202002212104/engine/resources/app/extensions/emmet/dist/extension
[2020-05-01 00:29:22.314] [exthost] [info] ExtensionService#_doActivateExtension formulahendry.auto-close-tag {"startup":true,"extensionId":{"value":"formulahendry.auto-close-tag","_lower":"formulahendry.auto-close-tag"},"activationEvent":"*"}
[2020-05-01 00:29:22.315] [exthost] [info] ExtensionService#loadCommonJSModule file:///home/vic/Angular IDE/plugins/pack.core.linux_3.6.0.202001241725/formulahendry.auto-close-tag-0.5.6/out/src/extension
[2020-05-01 00:29:22.336] [exthost] [info] ExtensionService#_doActivateExtension vscode.grunt {"startup":false,"extensionId":{"value":"vscode.grunt","_lower":"vscode.grunt"},"activationEvent":"onCommand:workbench.action.tasks.runTask"}
[2020-05-01 00:29:22.337] [exthost] [info] ExtensionService#loadCommonJSModule file:///home/vic/Angular IDE/plugins/com.genuitec.eclipse.code.engine.app.linux.x86_64_3.6.0.202002212104/engine/resources/app/extensions/grunt/dist/main
[2020-05-01 00:29:22.367] [exthost] [info] ExtensionService#_doActivateExtension vscode.gulp {"startup":false,"extensionId":{"value":"vscode.gulp","_lower":"vscode.gulp"},"activationEvent":"onCommand:workbench.action.tasks.runTask"}
[2020-05-01 00:29:22.367] [exthost] [info] ExtensionService#loadCommonJSModule file:///home/vic/Angular IDE/plugins/com.genuitec.eclipse.code.engine.app.linux.x86_64_3.6.0.202002212104/engine/resources/app/extensions/gulp/dist/main
[2020-05-01 00:29:22.371] [exthost] [info] ExtensionService#_doActivateExtension vscode.jake {"startup":false,"extensionId":{"value":"vscode.jake","_lower":"vscode.jake"},"activationEvent":"onCommand:workbench.action.tasks.runTask"}
[2020-05-01 00:29:22.372] [exthost] [info] ExtensionService#loadCommonJSModule file:///home/vic/Angular IDE/plugins/com.genuitec.eclipse.code.engine.app.linux.x86_64_3.6.0.202002212104/engine/resources/app/extensions/jake/dist/main
[2020-05-01 00:29:22.375] [exthost] [info] ExtensionService#_doActivateExtension vscode.npm {"startup":false,"extensionId":{"value":"vscode.npm","_lower":"vscode.npm"},"activationEvent":"onCommand:workbench.action.tasks.runTask"}
[2020-05-01 00:29:22.376] [exthost] [info] ExtensionService#loadCommonJSModule file:///home/vic/Angular IDE/plugins/com.genuitec.eclipse.code.engine.app.linux.x86_64_3.6.0.202002212104/engine/resources/app/extensions/npm/dist/main
[2020-05-01 00:29:22.393] [exthost] [info] ExtensionService#_doActivateExtension vscode.typescript-language-features {"startup":false,"extensionId":{"value":"vscode.typescript-language-features","_lower":"vscode.typescript-language-features"},"activationEvent":"onCommand:workbench.action.tasks.runTask"}
[2020-05-01 00:29:22.394] [exthost] [info] ExtensionService#loadCommonJSModule file:///home/vic/Angular IDE/plugins/com.genuitec.eclipse.code.engine.app.linux.x86_64_3.6.0.202002212104/engine/resources/app/extensions/typescript-language-features/dist/extension
[2020-05-01 00:29:22.442] [exthost] [info] eager extensions activated
